<?xml version="1.0" encoding="UTF-8"?>
<!-- Generated by org.testng.reporters.JUnitReportReporter -->
<testsuite hostname="SUKANNYAG-WIN10" failures="0" tests="4" name="GetTest.GET" time="6.574" errors="0" timestamp="2022-08-11T21:15:22 IST" skipped="0">
  <testcase classname="GetTest.GET" name="get" time="3.985"/>
  <system-out/>
  <testcase classname="GetTest.GET" name="post" time="1.268"/>
  <system-out/>
  <testcase classname="GetTest.GET" name="delete" time="0.710"/>
  <system-out/>
  <testcase classname="GetTest.GET" name="put" time="0.611"/>
  <system-out/>
</testsuite> <!-- GetTest.GET -->
